Left (Status (On,0))
Right "Stockfish 10 64 BMI2 by T. Romstad, M. Costalba, J. Kiiski, G. Linscott"
Left (Status (On,0))
Right "id name Stockfish 10 64 BMI2"
Right "id author T. Romstad, M. Costalba, J. Kiiski, G. Linscott"
Right ""
Right "option name Debug Log File type string default "
Right "option name Contempt type spin default 24 min -100 max 100"
Right "option name Analysis Contempt type combo default Both var Off var White var Black var Both"
Right "option name Threads type spin default 1 min 1 max 512"
Right "option name Hash type spin default 16 min 1 max 131072"
Right "option name Clear Hash type button"
Right "option name Ponder type check default false"
Right "option name MultiPV type spin default 1 min 1 max 500"
Right "option name Skill Level type spin default 20 min 0 max 20"
Right "option name Move Overhead type spin default 30 min 0 max 5000"
Right "option name Minimum Thinking Time type spin default 20 min 0 max 5000"
Right "option name Slow Mover type spin default 84 min 10 max 1000"
Right "option name nodestime type spin default 0 min 0 max 10000"
Right "option name UCI_Chess960 type check default false"
Right "option name UCI_AnalyseMode type check default false"
Right "option name SyzygyPath type string default <empty>"
Right "option name SyzygyProbeDepth type spin default 1 min 1 max 100"
Right "option name Syzygy50MoveRule type check default true"
Right "option name SyzygyProbeLimit type spin default 7 min 0 max 7"
Right "uciok"
Left (Status (On,0))
Right "readyok"
Left (Status (On,0))
Left (Status (On,0))
Left (Status (On,0))
Right "info depth 1 seldepth 1 multipv 1 score cp 116 nodes 20 nps 2222 tbhits 0 time 9 pv e2e4"
Right "info depth 2 seldepth 2 multipv 1 score cp 112 nodes 54 nps 6000 tbhits 0 time 9 pv e2e4 b7b6"
Right "info depth 3 seldepth 3 multipv 1 score cp 148 nodes 136 nps 15111 tbhits 0 time 9 pv d2d4 d7d6 e2e4"
Right "info depth 4 seldepth 4 multipv 1 score cp 137 nodes 247 nps 24700 tbhits 0 time 10 pv d2d4 e7e6 e2e4 c7c6"
Right "info depth 5 seldepth 5 multipv 1 score cp 77 nodes 1157 nps 105181 tbhits 0 time 11 pv c2c3 d7d5 d2d4 b8c6 c1g5"
Right "info depth 6 seldepth 6 multipv 1 score cp 83 nodes 2250 nps 187500 tbhits 0 time 12 pv e2e4 b8c6 d2d4 d7d6 f1c4 g8f6"
Right "info depth 7 seldepth 7 multipv 1 score cp 67 nodes 4481 nps 320071 tbhits 0 time 14 pv e2e4 e7e5 d2d4 e5d4 d1d4 b8c6 d4d1"
Right "info depth 8 seldepth 8 multipv 1 score cp 60 nodes 7849 nps 461705 tbhits 0 time 17 pv e2e4 e7e5 g1f3 d7d5 d2d4 b8c6 f3e5"
Right "info depth 9 seldepth 11 multipv 1 score cp 115 nodes 11846 nps 592300 tbhits 0 time 20 pv e2e4 e7e5 g1f3 g8f6 b1c3"
Right "info depth 10 seldepth 13 multipv 1 score cp 89 nodes 27338 nps 942689 tbhits 0 time 29 pv e2e4 d7d5 e4d5 c7c6 d2d4 c6d5 g1f3 g8f6 b1c3 b8c6 f1b5"
Right "info depth 11 seldepth 18 multipv 1 score cp 98 nodes 61978 nps 1264857 tbhits 0 time 49 pv e2e4 d7d5 e4d5 c7c6 g1f3 c6d5 d2d4 g8f6 f1b5 c8d7 b5d7 d8d7 e1g1 b8c6 c1e3 e7e6"
Right "info depth 12 seldepth 18 multipv 1 score cp 116 nodes 80917 nps 1348616 tbhits 0 time 60 pv e2e4 d7d5 e4d5 c7c6 g1f3 c6d5 d2d4 b8c6 f1e2 e7e6 e1g1 g8e7 b1c3"
Right "info depth 13 seldepth 18 multipv 1 score cp 97 nodes 160903 nps 1517952 tbhits 0 time 106 pv e2e4 d7d5 e4d5 c7c6 g1f3 c6d5 d2d4 e7e6 f1b5 c8d7 b1c3 g8f6 b5d7 d8d7 e1g1 b8c6 f3e5 d7c7"
Right "info depth 14 seldepth 24 multipv 1 score cp 77 nodes 263420 nps 1596484 tbhits 0 time 165 pv e2e4 e7e5 d2d4 e5d4 d1d4 b8c6 d4e3 d8e7 g1f3 d7d5 b1c3 d5e4 c3e4 g8f6 e4f6 g7f6 e3e7 f8e7"
Right "info depth 15 seldepth 22 multipv 1 score cp 75 nodes 474032 nps 1634593 tbhits 0 time 290 pv g1f3 d7d5 e2e3 g8f6 d2d4 e7e6 f1e2 f8d6 c2c4 e8g8 c4c5 d6e7 b1d2 b8c6 e1g1 f6e4 e2d3"
Right "info depth 16 seldepth 23 multipv 1 score cp 85 nodes 680143 nps 1638898 tbhits 0 time 415 pv e2e4 e7e5 g1f3 b8c6 f1c4 g8f6 d2d4 e5d4 e1g1 f8e7 f3d4 c6e5 c4b3 f6e4 b1c3 e4c3 b2c3"
Right "info depth 17 seldepth 29 multipv 1 score cp 103 nodes 1065531 nps 1641804 tbhits 0 time 649 pv e2e4 e7e5 g1f3 b8c6 f1b5 a7a6 b5c6 d7c6 e1g1 f7f6 d2d3 f8c5 c2c3 c5b6 d3d4 e5d4 c3d4 g8e7 c1e3 e8g8 b1d2 c8e6"
Right "info depth 18 seldepth 31 multipv 1 score cp 82 nodes 1736290 nps 1653609 hashfull 698 tbhits 0 time 1050 pv e2e4 e7e5 g1f3 b8c6 f1b5 a7a6 b5c6 d7c6 e1g1 f7f6 d2d4 e5d4 f3d4 c6c5 d4e2 d8d1 f1d1 c8d7 b1c3 g8e7 c1f4 e8c8"
Right "info depth 19 seldepth 33 multipv 1 score cp 81 nodes 2883012 nps 1648377 hashfull 895 tbhits 0 time 1749 pv e2e4 e7e5 g1f3 b8c6 f1b5 a7a6 b5c6 d7c6 e1g1 f7f6 d2d4 e5d4 f1e1 f8b4 c1d2 b4e7 e4e5 f6f5 d2c1 d8d5 f3d4 c6c5 d4e2 d5d1 e1d1 c8d7"
Left (Status (On,0))
Right "info depth 20 seldepth 31 multipv 1 score cp 62 nodes 3732379 nps 1666240 hashfull 956 tbhits 0 time 2240 pv e2e4 e7e5"
Right "bestmove e2e4 ponder e7e5"
Left ShuttingDown
Left (Status (Off,0))
